<?xml version="1.0" encoding="UTF-8"?>
<!-- Generated by org.testng.reporters.JUnitReportReporter -->
<testsuite hostname="DESKTOP-Q7E8EEK" failures="0" tests="2" name="Admin.Manage_Students" time="34.964" errors="0" timestamp="2022-07-13T23:51:01 IST" skipped="0">
  <testcase classname="Admin.Manage_Students" name="Manage_students_Module" time="17.772"/>
  <system-out/>
  <testcase classname="Admin.Manage_Students" name="Invite_Function" time="17.192"/>
  <system-out/>
</testsuite> <!-- Admin.Manage_Students -->
