<?xml version="1.0" encoding="UTF-8"?>
<!-- Generated by org.testng.reporters.JUnitReportReporter -->
<testsuite hostname="DESKTOP-Q7E8EEK" failures="0" tests="1" name="Admin.Login" time="41.491" errors="0" timestamp="2022-07-13T23:51:01 IST" skipped="0">
  <testcase classname="Admin.Login" name="Admin_login_Credentials" time="41.491"/>
  <system-out/>
</testsuite> <!-- Admin.Login -->
