<?xml version="1.0" encoding="UTF-8"?>
<!-- Generated by org.testng.reporters.JUnitReportReporter -->
<testsuite hostname="DESKTOP-Q7E8EEK" failures="0" tests="1" name="Admin.Single_Invite" time="35.681" errors="0" timestamp="2022-07-13T23:51:01 IST" skipped="0">
  <testcase classname="Admin.Single_Invite" name="Student_Single_Invite" time="35.681"/>
  <system-out/>
</testsuite> <!-- Admin.Single_Invite -->
